{
  "stats": {
    "suites": 1,
    "tests": 1,
    "passes": 1,
    "pending": 0,
    "failures": 0,
    "start": "2021-07-29T00:04:41.526Z",
    "end": "2021-07-29T00:04:43.307Z",
    "duration": 1781,
    "testsRegistered": 1,
    "passPercent": 100,
    "pendingPercent": 0,
    "other": 0,
    "hasOther": false,
    "skipped": 0,
    "hasSkipped": false
  },
  "results": [
    {
      "uuid": "e2f613bf-85bb-478c-abf3-4ce203c25b01",
      "title": "",
      "fullFile": "cypress\\integration\\features\\reporte.feature",
      "file": "cypress\\integration\\features\\reporte.feature",
      "beforeHooks": [],
      "afterHooks": [],
      "tests": [],
      "suites": [
        {
          "uuid": "fbed7373-9d49-48a6-aed5-0fba34269812",
          "title": "Data Reporte",
          "fullFile": "",
          "file": "",
          "beforeHooks": [],
          "afterHooks": [],
          "tests": [
            {
              "title": "Obtiene las Métricas del Reporte",
              "fullTitle": "Data Reporte Obtiene las Métricas del Reporte",
              "timedOut": null,
              "duration": 1755,
              "state": "passed",
              "speed": "slow",
              "pass": true,
              "fail": false,
              "pending": false,
              "context": null,
              "code": "const state = window.testState;\nreturn cy\n  .then(() => state.onStartScenario(scenario, indexedSteps))\n  .then(() =>\n    resolveAndRunBeforeHooks.call(this, scenario.tags, state.feature.name)\n  )\n  .then(() =>\n    indexedSteps.forEach((step) =>\n      stepTest.call(this, state, step, rowData)\n    )\n  )\n  .then(() =>\n    resolveAndRunAfterHooks.call(this, scenario.tags, state.feature.name)\n  )\n  .then(() => state.onFinishScenario(scenario));",
              "err": {},
              "uuid": "f27381b0-2b7c-48c3-b52c-6df97e6f70c7",
              "parentUUID": "fbed7373-9d49-48a6-aed5-0fba34269812",
              "isHook": false,
              "skipped": false
            }
          ],
          "suites": [],
          "passes": [
            "f27381b0-2b7c-48c3-b52c-6df97e6f70c7"
          ],
          "failures": [],
          "pending": [],
          "skipped": [],
          "duration": 1755,
          "root": false,
          "rootEmpty": false,
          "_timeout": 2000
        }
      ],
      "passes": [],
      "failures": [],
      "pending": [],
      "skipped": [],
      "duration": 0,
      "root": true,
      "rootEmpty": true,
      "_timeout": 2000
    }
  ],
  "meta": {
    "mocha": {
      "version": "7.0.1"
    },
    "mochawesome": {
      "options": {
        "quiet": false,
        "reportFilename": "mochawesome",
        "saveHtml": false,
        "saveJson": true,
        "consoleReporter": "spec",
        "useInlineDiffs": false,
        "code": true
      },
      "version": "6.2.2"
    },
    "marge": {
      "options": {
        "reportDir": "cypress/results",
        "overwrite": true,
        "html": false,
        "json": true
      },
      "version": "5.2.0"
    }
  }
}