{
  "stats": {
    "suites": 1,
    "tests": 1,
    "passes": 0,
    "pending": 0,
    "failures": 1,
    "start": "2021-07-28T23:20:50.698Z",
    "end": "2021-07-28T23:20:51.320Z",
    "duration": 622,
    "testsRegistered": 1,
    "passPercent": 0,
    "pendingPercent": 0,
    "other": 0,
    "hasOther": false,
    "skipped": 0,
    "hasSkipped": false
  },
  "results": [
    {
      "uuid": "b67cb1e4-98c2-4b06-87fc-28d72953e3f6",
      "title": "",
      "fullFile": "cypress\\integration\\features\\reporte.feature",
      "file": "cypress\\integration\\features\\reporte.feature",
      "beforeHooks": [],
      "afterHooks": [],
      "tests": [],
      "suites": [
        {
          "uuid": "6933f7d2-960f-45ff-abf4-d367d40efb32",
          "title": "Data Reporte",
          "fullFile": "",
          "file": "",
          "beforeHooks": [],
          "afterHooks": [],
          "tests": [
            {
              "title": "Obtiene las Métricas del Reporte",
              "fullTitle": "Data Reporte Obtiene las Métricas del Reporte",
              "timedOut": null,
              "duration": 562,
              "state": "failed",
              "speed": null,
              "pass": false,
              "fail": true,
              "pending": false,
              "context": null,
              "code": "const state = window.testState;\nreturn cy\n  .then(() => state.onStartScenario(scenario, indexedSteps))\n  .then(() =>\n    resolveAndRunBeforeHooks.call(this, scenario.tags, state.feature.name)\n  )\n  .then(() =>\n    indexedSteps.forEach((step) =>\n      stepTest.call(this, state, step, rowData)\n    )\n  )\n  .then(() =>\n    resolveAndRunAfterHooks.call(this, scenario.tags, state.feature.name)\n  )\n  .then(() => state.onFinishScenario(scenario));",
              "err": {
                "message": "TypeError: Cannot read property 'duration' of undefined",
                "estack": "TypeError: Cannot read property 'duration' of undefined\n    at Context.eval (http://localhost:60588/__cypress/tests?p=cypress\\integration\\features\\reporte.feature:502:53)",
                "diff": null
              },
              "uuid": "a578b366-42e8-4d39-9a1c-308f81ee1590",
              "parentUUID": "6933f7d2-960f-45ff-abf4-d367d40efb32",
              "isHook": false,
              "skipped": false
            }
          ],
          "suites": [],
          "passes": [],
          "failures": [
            "a578b366-42e8-4d39-9a1c-308f81ee1590"
          ],
          "pending": [],
          "skipped": [],
          "duration": 562,
          "root": false,
          "rootEmpty": false,
          "_timeout": 2000
        }
      ],
      "passes": [],
      "failures": [],
      "pending": [],
      "skipped": [],
      "duration": 0,
      "root": true,
      "rootEmpty": true,
      "_timeout": 2000
    }
  ],
  "meta": {
    "mocha": {
      "version": "7.0.1"
    },
    "mochawesome": {
      "options": {
        "quiet": false,
        "reportFilename": "mochawesome",
        "saveHtml": false,
        "saveJson": true,
        "consoleReporter": "spec",
        "useInlineDiffs": false,
        "code": true
      },
      "version": "6.2.2"
    },
    "marge": {
      "options": {
        "reportDir": "cypress/results",
        "overwrite": true,
        "html": false,
        "json": true
      },
      "version": "5.2.0"
    }
  }
}